Traceback (most recent call last):
  File "/home/codespace/.local/lib/python3.12/site-packages/jupyter_core/utils/__init__.py", line 154, in wrapped
    asyncio.get_running_loop()
RuntimeError: no running event loop

During handling of the above exception, another exception occurred:

Traceback (most recent call last):
  File "/usr/local/python/3.12.1/lib/python3.12/site-packages/jupyter_cache/executors/utils.py", line 58, in single_nb_execution
    executenb(
  File "/home/codespace/.local/lib/python3.12/site-packages/nbclient/client.py", line 1319, in execute
    return NotebookClient(nb=nb, resources=resources, km=km, **kwargs).execute()
           ^^^^^^^^^^^^^^^^^^^^^^^^^^^^^^^^^^^^^^^^^^^^^^^^^^^^^^^^^^^^^^^^^^^^^
  File "/home/codespace/.local/lib/python3.12/site-packages/jupyter_core/utils/__init__.py", line 158, in wrapped
    return loop.run_until_complete(inner)
           ^^^^^^^^^^^^^^^^^^^^^^^^^^^^^^
  File "/usr/local/python/3.12.1/lib/python3.12/asyncio/base_events.py", line 684, in run_until_complete
    return future.result()
           ^^^^^^^^^^^^^^^
  File "/home/codespace/.local/lib/python3.12/site-packages/nbclient/client.py", line 709, in async_execute
    await self.async_execute_cell(
  File "/home/codespace/.local/lib/python3.12/site-packages/nbclient/client.py", line 1062, in async_execute_cell
    await self._check_raise_for_error(cell, cell_index, exec_reply)
  File "/home/codespace/.local/lib/python3.12/site-packages/nbclient/client.py", line 918, in _check_raise_for_error
    raise CellExecutionError.from_cell_and_msg(cell, exec_reply_content)
nbclient.exceptions.CellExecutionError: An error occurred while executing the following cell:
------------------
processed_docs = [preprocess(doc) for doc in data['isi_berita'].values]
------------------


[31m---------------------------------------------------------------------------[39m
[31mTypeError[39m                                 Traceback (most recent call last)
[36mCell[39m[36m [39m[32mIn[9][39m[32m, line 1[39m
[32m----> [39m[32m1[39m processed_docs = [[43mpreprocess[49m[43m([49m[43mdoc[49m[43m)[49m [38;5;28;01mfor[39;00m doc [38;5;129;01min[39;00m data[[33m'[39m[33misi_berita[39m[33m'[39m].values]

[36mCell[39m[36m [39m[32mIn[7][39m[32m, line 6[39m, in [36mpreprocess[39m[34m(text)[39m
[32m      4[39m [38;5;28;01mdef[39;00m[38;5;250m [39m[34mpreprocess[39m(text):
[32m      5[39m     result=[]
[32m----> [39m[32m6[39m     [38;5;28;01mfor[39;00m token [38;5;129;01min[39;00m [43mgensim[49m[43m.[49m[43mutils[49m[43m.[49m[43msimple_preprocess[49m[43m([49m[43mtext[49m[43m)[49m :
[32m      8[39m         [38;5;28;01mif[39;00m token [38;5;129;01mnot[39;00m [38;5;129;01min[39;00m stopwords.words([33m'[39m[33menglish[39m[33m'[39m) [38;5;129;01mand[39;00m [38;5;28mlen[39m(token) > [32m3[39m:
[32m     10[39m             result.append(lemmatize_stemming(token))

[36mFile [39m[32m/usr/local/python/3.12.1/lib/python3.12/site-packages/gensim/utils.py:310[39m, in [36msimple_preprocess[39m[34m(doc, deacc, min_len, max_len)[39m
[32m    287[39m [38;5;28;01mdef[39;00m[38;5;250m [39m[34msimple_preprocess[39m(doc, deacc=[38;5;28;01mFalse[39;00m, min_len=[32m2[39m, max_len=[32m15[39m):
[32m    288[39m [38;5;250m    [39m[33;03m"""Convert a document into a list of lowercase tokens, ignoring tokens that are too short or too long.[39;00m
[32m    289[39m 
[32m    290[39m [33;03m    Uses :func:`~gensim.utils.tokenize` internally.[39;00m
[32m   (...)[39m[32m    307[39m 
[32m    308[39m [33;03m    """[39;00m
[32m    309[39m     tokens = [
[32m--> [39m[32m310[39m         token [38;5;28;01mfor[39;00m token [38;5;129;01min[39;00m [43mtokenize[49m[43m([49m[43mdoc[49m[43m,[49m[43m [49m[43mlower[49m[43m=[49m[38;5;28;43;01mTrue[39;49;00m[43m,[49m[43m [49m[43mdeacc[49m[43m=[49m[43mdeacc[49m[43m,[49m[43m [49m[43merrors[49m[43m=[49m[33;43m'[39;49m[33;43mignore[39;49m[33;43m'[39;49m[43m)[49m
[32m    311[39m         [38;5;28;01mif[39;00m min_len <= [38;5;28mlen[39m(token) <= max_len [38;5;129;01mand[39;00m [38;5;129;01mnot[39;00m token.startswith([33m'[39m[33m_[39m[33m'[39m)
[32m    312[39m     ]
[32m    313[39m     [38;5;28;01mreturn[39;00m tokens

[36mFile [39m[32m/usr/local/python/3.12.1/lib/python3.12/site-packages/gensim/utils.py:261[39m, in [36mtokenize[39m[34m(text, lowercase, deacc, encoding, errors, to_lower, lower)[39m
[32m    227[39m [38;5;250m[39m[33;03m"""Iteratively yield tokens as unicode strings, optionally removing accent marks and lowercasing it.[39;00m
[32m    228[39m 
[32m    229[39m [33;03mParameters[39;00m
[32m   (...)[39m[32m    258[39m 
[32m    259[39m [33;03m"""[39;00m
[32m    260[39m lowercase = lowercase [38;5;129;01mor[39;00m to_lower [38;5;129;01mor[39;00m lower
[32m--> [39m[32m261[39m text = [43mto_unicode[49m[43m([49m[43mtext[49m[43m,[49m[43m [49m[43mencoding[49m[43m,[49m[43m [49m[43merrors[49m[43m=[49m[43merrors[49m[43m)[49m
[32m    262[39m [38;5;28;01mif[39;00m lowercase:
[32m    263[39m     text = text.lower()

[36mFile [39m[32m/usr/local/python/3.12.1/lib/python3.12/site-packages/gensim/utils.py:364[39m, in [36many2unicode[39m[34m(text, encoding, errors)[39m
[32m    362[39m [38;5;28;01mif[39;00m [38;5;28misinstance[39m(text, [38;5;28mstr[39m):
[32m    363[39m     [38;5;28;01mreturn[39;00m text
[32m--> [39m[32m364[39m [38;5;28;01mreturn[39;00m [38;5;28;43mstr[39;49m[43m([49m[43mtext[49m[43m,[49m[43m [49m[43mencoding[49m[43m,[49m[43m [49m[43merrors[49m[43m=[49m[43merrors[49m[43m)[49m

[31mTypeError[39m: decoding to str: need a bytes-like object, float found

