Traceback (most recent call last):
  File "/home/codespace/.local/lib/python3.12/site-packages/jupyter_core/utils/__init__.py", line 154, in wrapped
    asyncio.get_running_loop()
RuntimeError: no running event loop

During handling of the above exception, another exception occurred:

Traceback (most recent call last):
  File "/usr/local/python/3.12.1/lib/python3.12/site-packages/jupyter_cache/executors/utils.py", line 58, in single_nb_execution
    executenb(
  File "/home/codespace/.local/lib/python3.12/site-packages/nbclient/client.py", line 1319, in execute
    return NotebookClient(nb=nb, resources=resources, km=km, **kwargs).execute()
           ^^^^^^^^^^^^^^^^^^^^^^^^^^^^^^^^^^^^^^^^^^^^^^^^^^^^^^^^^^^^^^^^^^^^^
  File "/home/codespace/.local/lib/python3.12/site-packages/jupyter_core/utils/__init__.py", line 158, in wrapped
    return loop.run_until_complete(inner)
           ^^^^^^^^^^^^^^^^^^^^^^^^^^^^^^
  File "/usr/local/python/3.12.1/lib/python3.12/asyncio/base_events.py", line 684, in run_until_complete
    return future.result()
           ^^^^^^^^^^^^^^^
  File "/home/codespace/.local/lib/python3.12/site-packages/nbclient/client.py", line 709, in async_execute
    await self.async_execute_cell(
  File "/home/codespace/.local/lib/python3.12/site-packages/nbclient/client.py", line 1062, in async_execute_cell
    await self._check_raise_for_error(cell, cell_index, exec_reply)
  File "/home/codespace/.local/lib/python3.12/site-packages/nbclient/client.py", line 918, in _check_raise_for_error
    raise CellExecutionError.from_cell_and_msg(cell, exec_reply_content)
nbclient.exceptions.CellExecutionError: An error occurred while executing the following cell:
------------------
import PyPDF2
import re
import nltk
import pandas as pd
import numpy as np
import networkx as nx
import matplotlib.pyplot as plt

nltk.download("punkt")  # sekali saja

# --- baca PDF ---
def read_pdf(path):
    pages = []
    with open(path, "rb") as f:
        reader = PyPDF2.PdfReader(f)
        for p in reader.pages:
            t = p.extract_text()
            if t:
                pages.append(t)
    return "\n".join(pages)

# GANTI path kalau perlu
pdf_text = read_pdf("kankerparu.pdf")

print("Panjang teks mentah:", len(pdf_text))
print(pdf_text[:500])

------------------

----- stderr -----
[nltk_data] Downloading package punkt to /home/codespace/nltk_data...
[nltk_data]   Package punkt is already up-to-date!
------------------

[31m---------------------------------------------------------------------------[39m
[31mFileNotFoundError[39m                         Traceback (most recent call last)
[36mCell[39m[36m [39m[32mIn[2][39m[32m, line 23[39m
[32m     20[39m     [38;5;28;01mreturn[39;00m [33m"[39m[38;5;130;01m\n[39;00m[33m"[39m.join(pages)
[32m     22[39m [38;5;66;03m# GANTI path kalau perlu[39;00m
[32m---> [39m[32m23[39m pdf_text = [43mread_pdf[49m[43m([49m[33;43m"[39;49m[33;43mkankerparu.pdf[39;49m[33;43m"[39;49m[43m)[49m
[32m     25[39m [38;5;28mprint[39m([33m"[39m[33mPanjang teks mentah:[39m[33m"[39m, [38;5;28mlen[39m(pdf_text))
[32m     26[39m [38;5;28mprint[39m(pdf_text[:[32m500[39m])

[36mCell[39m[36m [39m[32mIn[2][39m[32m, line 14[39m, in [36mread_pdf[39m[34m(path)[39m
[32m     12[39m [38;5;28;01mdef[39;00m[38;5;250m [39m[34mread_pdf[39m(path):
[32m     13[39m     pages = []
[32m---> [39m[32m14[39m     [38;5;28;01mwith[39;00m [38;5;28;43mopen[39;49m[43m([49m[43mpath[49m[43m,[49m[43m [49m[33;43m"[39;49m[33;43mrb[39;49m[33;43m"[39;49m[43m)[49m [38;5;28;01mas[39;00m f:
[32m     15[39m         reader = PyPDF2.PdfReader(f)
[32m     16[39m         [38;5;28;01mfor[39;00m p [38;5;129;01min[39;00m reader.pages:

[36mFile [39m[32m~/.local/lib/python3.12/site-packages/IPython/core/interactiveshell.py:343[39m, in [36m_modified_open[39m[34m(file, *args, **kwargs)[39m
[32m    336[39m [38;5;28;01mif[39;00m file [38;5;129;01min[39;00m {[32m0[39m, [32m1[39m, [32m2[39m}:
[32m    337[39m     [38;5;28;01mraise[39;00m [38;5;167;01mValueError[39;00m(
[32m    338[39m         [33mf[39m[33m"[39m[33mIPython won[39m[33m'[39m[33mt let you open fd=[39m[38;5;132;01m{[39;00mfile[38;5;132;01m}[39;00m[33m by default [39m[33m"[39m
[32m    339[39m         [33m"[39m[33mas it is likely to crash IPython. If you know what you are doing, [39m[33m"[39m
[32m    340[39m         [33m"[39m[33myou can use builtins[39m[33m'[39m[33m open.[39m[33m"[39m
[32m    341[39m     )
[32m--> [39m[32m343[39m [38;5;28;01mreturn[39;00m [43mio_open[49m[43m([49m[43mfile[49m[43m,[49m[43m [49m[43m*[49m[43margs[49m[43m,[49m[43m [49m[43m*[49m[43m*[49m[43mkwargs[49m[43m)[49m

[31mFileNotFoundError[39m: [Errno 2] No such file or directory: 'kankerparu.pdf'

